<?xml version="1.0" encoding="utf-8"?><testsuites name="pytest tests"><testsuite name="pytest" errors="0" failures="0" skipped="0" tests="11" time="2.674" timestamp="2026-04-21T01:27:44.456069+00:00" hostname="agent-env-88435857-9ca1-4148-98cc-2989d90f4083"><testcase classname="backend.tests.test_activities.TestActivityTypes" name="test_default_activity_types_seeded" time="0.525" /><testcase classname="backend.tests.test_activities.TestActivityTypes" name="test_create_custom_activity_type" time="0.225" /><testcase classname="backend.tests.test_activities.TestActivityTypes" name="test_duplicate_activity_type_rejected" time="0.119" /><testcase classname="backend.tests.test_activities.TestActivityLogs" name="test_create_activity_log" time="0.343" /><testcase classname="backend.tests.test_activities.TestActivityLogs" name="test_get_activity_logs_with_type_name" time="0.129" /><testcase classname="backend.tests.test_activities.TestActivityLogs" name="test_filter_by_activity_type" time="0.278" /><testcase classname="backend.tests.test_activities.TestActivityLogs" name="test_filter_by_player" time="0.143" /><testcase classname="backend.tests.test_activities.TestActivityLogs" name="test_filter_by_location" time="0.127" /><testcase classname="backend.tests.test_activities.TestActivityLogs" name="test_delete_activity_log" time="0.221" /><testcase classname="backend.tests.test_activities.TestActivityLogs" name="test_create_log_invalid_type" time="0.155" /><testcase classname="backend.tests.test_activities.TestAuthUnauthorized" name="test_no_auth_activities" time="0.222" /></testsuite></testsuites>