<?xml version="1.0" encoding="utf-8"?><testsuites name="pytest tests"><testsuite name="pytest" errors="0" failures="0" skipped="0" tests="12" time="2.796" timestamp="2026-04-27T02:39:21.757275+00:00" hostname="agent-env-88435857-9ca1-4148-98cc-2989d90f4083"><testcase classname="backend.tests.test_daily_anchor.TestDailyAnchor" name="test_get_anchor_null_when_not_set" time="0.496" /><testcase classname="backend.tests.test_daily_anchor.TestDailyAnchor" name="test_put_anchor_with_bogus_todo_returns_404" time="0.117" /><testcase classname="backend.tests.test_daily_anchor.TestDailyAnchor" name="test_put_anchor_valid_upserts" time="0.288" /><testcase classname="backend.tests.test_daily_anchor.TestDailyAnchor" name="test_get_anchor_returns_saved" time="0.117" /><testcase classname="backend.tests.test_daily_anchor.TestDailyAnchor" name="test_put_anchor_idempotent_upsert" time="0.334" /><testcase classname="backend.tests.test_daily_anchor.TestDailyAnchor" name="test_delete_anchor_clears" time="0.225" /><testcase classname="backend.tests.test_daily_anchor.TestDailyAnchor" name="test_anchor_unauthorized" time="0.106" /><testcase classname="backend.tests.test_daily_anchor.TestRegression" name="test_todos_crud" time="0.459" /><testcase classname="backend.tests.test_daily_anchor.TestRegression" name="test_habits_endpoint" time="0.132" /><testcase classname="backend.tests.test_daily_anchor.TestRegression" name="test_habit_logs_endpoint" time="0.101" /><testcase classname="backend.tests.test_daily_anchor.TestRegression" name="test_tags_endpoint" time="0.125" /><testcase classname="backend.tests.test_daily_anchor.TestRegression" name="test_activities_endpoint" time="0.228" /></testsuite></testsuites>